<?xml version="1.0" encoding="UTF-8"?>
<testng-results ignored="0" total="1" passed="1" failed="0" skipped="0">
  <reporter-output>
    <line>
      <![CDATA[Hello selenium]]>
    </line>
  </reporter-output>
  <suite started-at="2023-07-09T21:05:17Z" name="Default suite" finished-at="2023-07-09T21:05:17Z" duration-ms="51">
    <groups>
    </groups>
    <test started-at="2023-07-09T21:05:17Z" name="Default test" finished-at="2023-07-09T21:05:17Z" duration-ms="51">
      <class name="jenkins.Test0">
        <test-method signature="demo()[pri:0, instance:jenkins.Test0@3ee0fea4]" started-at="2023-07-09T21:05:17Z" name="demo" finished-at="2023-07-09T21:05:17Z" duration-ms="14" status="PASS">
          <reporter-output>
            <line>
              <![CDATA[Hello selenium]]>
            </line>
          </reporter-output>
        </test-method> <!-- demo -->
      </class> <!-- jenkins.Test0 -->
    </test> <!-- Default test -->
  </suite> <!-- Default suite -->
</testng-results>
