<?xml version="1.0" encoding="UTF-8"?>
<testng-results ignored="0" total="3" passed="3" failed="0" skipped="0">
  <reporter-output>
    <line>
      <![CDATA[settings]]>
    </line>
    <line>
      <![CDATA[calls]]>
    </line>
    <line>
      <![CDATA[chats]]>
    </line>
  </reporter-output>
  <suite started-at="2021-02-25T04:28:56Z" name="Default suite" finished-at="2021-02-25T04:28:56Z" duration-ms="43">
    <groups>
    </groups>
    <test started-at="2021-02-25T04:28:56Z" name="Default test" finished-at="2021-02-25T04:28:56Z" duration-ms="43">
      <class name="jenkins.Test2">
        <test-method signature="settings()[pri:0, instance:jenkins.Test2@1a84f40f]" started-at="2021-02-25T04:28:56Z" name="settings" finished-at="2021-02-25T04:28:56Z" duration-ms="12" status="PASS">
          <reporter-output>
            <line>
              <![CDATA[settings]]>
            </line>
          </reporter-output>
        </test-method> <!-- settings -->
        <test-method signature="calls()[pri:1, instance:jenkins.Test2@1a84f40f]" started-at="2021-02-25T04:28:56Z" name="calls" finished-at="2021-02-25T04:28:56Z" duration-ms="1" status="PASS">
          <reporter-output>
            <line>
              <![CDATA[calls]]>
            </line>
          </reporter-output>
        </test-method> <!-- calls -->
        <test-method signature="chats()[pri:1, instance:jenkins.Test2@1a84f40f]" started-at="2021-02-25T04:28:56Z" name="chats" finished-at="2021-02-25T04:28:56Z" duration-ms="1" status="PASS">
          <reporter-output>
            <line>
              <![CDATA[chats]]>
            </line>
          </reporter-output>
        </test-method> <!-- chats -->
      </class> <!-- jenkins.Test2 -->
    </test> <!-- Default test -->
  </suite> <!-- Default suite -->
</testng-results>
